-------------------------------------------------------------------------------
Test set: ProdutoServiceTest
-------------------------------------------------------------------------------
Tests run: 2, Failures: 0, Errors: 2, Skipped: 0, Time elapsed: 0.018 s <<< FAILURE! -- in ProdutoServiceTest
ProdutoServiceTest.deveCriarProduto -- Time elapsed: 0.006 s <<< ERROR!
java.lang.Error: 
Unresolved compilation problems: 
	The declared package "com.joyce" does not match the expected package ""
	ProdutoService cannot be resolved to a type
	ProdutoService cannot be resolved to a type
	Produto cannot be resolved to a type
	ProdutoService cannot be resolved to a type
	ProdutoService cannot be resolved to a type

	at ProdutoServiceTest.<init>(ProdutoServiceTest.java:1)
	at java.base/java.lang.reflect.Constructor.newInstanceWithCaller(Constructor.java:502)
	at java.base/java.lang.reflect.Constructor.newInstance(Constructor.java:486)
	at java.base/java.util.Optional.orElseGet(Optional.java:364)
	at java.base/java.util.ArrayList.forEach(ArrayList.java:1596)
	at java.base/java.util.ArrayList.forEach(ArrayList.java:1596)

ProdutoServiceTest.deveListarProdutos -- Time elapsed: 0 s <<< ERROR!
java.lang.Error: 
Unresolved compilation problems: 
	The declared package "com.joyce" does not match the expected package ""
	ProdutoService cannot be resolved to a type
	ProdutoService cannot be resolved to a type
	Produto cannot be resolved to a type
	ProdutoService cannot be resolved to a type
	ProdutoService cannot be resolved to a type

	at ProdutoServiceTest.<init>(ProdutoServiceTest.java:1)
	at java.base/java.lang.reflect.Constructor.newInstanceWithCaller(Constructor.java:502)
	at java.base/java.lang.reflect.Constructor.newInstance(Constructor.java:486)
	at java.base/java.util.Optional.orElseGet(Optional.java:364)
	at java.base/java.util.ArrayList.forEach(ArrayList.java:1596)
	at java.base/java.util.ArrayList.forEach(ArrayList.java:1596)

