<?xml version="1.0" encoding="UTF-8"?>
<testsuite xmlns:xsi="http://www.w3.org/2001/XMLSchema-instance" xsi:noNamespaceSchemaLocation="https://maven.apache.org/surefire/maven-surefire-plugin/xsd/surefire-test-report-3.0.xsd" version="3.0" name="ProdutoServiceTest" time="0.018" tests="2" errors="2" skipped="0" failures="0">
  <properties>
[...]
</properties>
  <testcase name="deveCriarProduto" classname="ProdutoServiceTest" time="0.006">
    <error message="Unresolved compilation problems: &#10;	The declared package &quot;com.joyce&quot; does not match the expected package &quot;&quot;&#10;	ProdutoService cannot be resolved to a type&#10;	ProdutoService cannot be resolved to a type&#10;	Produto cannot be resolved to a type&#10;	ProdutoService cannot be resolved to a type&#10;	ProdutoService cannot be resolved to a type&#10;" type="java.lang.Error"><![CDATA[java.lang.Error: 
Unresolved compilation problems: 
	The declared package "com.joyce" does not match the expected package ""
	ProdutoService cannot be resolved to a type
	ProdutoService cannot be resolved to a type
	Produto cannot be resolved to a type
	ProdutoService cannot be resolved to a type
	ProdutoService cannot be resolved to a type

	at ProdutoServiceTest.<init>(ProdutoServiceTest.java:1)
	at java.base/java.lang.reflect.Constructor.newInstanceWithCaller(Constructor.java:502)
	at java.base/java.lang.reflect.Constructor.newInstance(Constructor.java:486)
	at java.base/java.util.Optional.orElseGet(Optional.java:364)
	at java.base/java.util.ArrayList.forEach(ArrayList.java:1596)
	at java.base/java.util.ArrayList.forEach(ArrayList.java:1596)
]]></error>
  </testcase>
  <testcase name="deveListarProdutos" classname="ProdutoServiceTest" time="0.0">
    <error message="Unresolved compilation problems: &#10;	The declared package &quot;com.joyce&quot; does not match the expected package &quot;&quot;&#10;	ProdutoService cannot be resolved to a type&#10;	ProdutoService cannot be resolved to a type&#10;	Produto cannot be resolved to a type&#10;	ProdutoService cannot be resolved to a type&#10;	ProdutoService cannot be resolved to a type&#10;" type="java.lang.Error"><![CDATA[java.lang.Error: 
Unresolved compilation problems: 
	The declared package "com.joyce" does not match the expected package ""
	ProdutoService cannot be resolved to a type
	ProdutoService cannot be resolved to a type
	Produto cannot be resolved to a type
	ProdutoService cannot be resolved to a type
	ProdutoService cannot be resolved to a type

	at ProdutoServiceTest.<init>(ProdutoServiceTest.java:1)
	at java.base/java.lang.reflect.Constructor.newInstanceWithCaller(Constructor.java:502)
	at java.base/java.lang.reflect.Constructor.newInstance(Constructor.java:486)
	at java.base/java.util.Optional.orElseGet(Optional.java:364)
	at java.base/java.util.ArrayList.forEach(ArrayList.java:1596)
	at java.base/java.util.ArrayList.forEach(ArrayList.java:1596)
]]></error>
  </testcase>
</testsuite>